app/build/intermediates/manifest_merge_blame_file/release/manifest-merger-blame-release-report.txt
1<?xml version="1.0" encoding="utf-8"?>
2<manifest xmlns:android="http://schemas.android.com/apk/res/android"
3    package="com.example.homepc.restauranteatitapp"
4    android:versionCode="1"
5    android:versionName="1.0" >
6
7    <uses-sdk
8        android:minSdkVersion="15"
8-->src\main\AndroidManifest.xml
9        android:targetSdkVersion="26" />
9-->src\main\AndroidManifest.xml
10
11    <application
11-->src\main\AndroidManifest.xml:5:5-27:19
12        android:allowBackup="true"
12-->src\main\AndroidManifest.xml:6:9-35
13        android:icon="@mipmap/logo_launcher_foreground"
13-->src\main\AndroidManifest.xml:7:9-56
14        android:label="@string/app_name"
14-->src\main\AndroidManifest.xml:8:9-41
15        android:roundIcon="@mipmap/logo_launcher_round"
15-->src\main\AndroidManifest.xml:9:9-56
16        android:supportsRtl="true"
16-->src\main\AndroidManifest.xml:10:9-35
17        android:theme="@style/AppTheme" >
17-->src\main\AndroidManifest.xml:11:9-40
18        <activity android:name="com.example.homepc.restauranteatitapp.Splash" >
18-->src\main\AndroidManifest.xml:12:9-18:20
18-->src\main\AndroidManifest.xml:12:19-41
19            <intent-filter>
19-->src\main\AndroidManifest.xml:13:13-17:29
20                <action android:name="android.intent.action.MAIN" />
20-->src\main\AndroidManifest.xml:14:17-69
20-->src\main\AndroidManifest.xml:14:25-66
21
22                <category android:name="android.intent.category.LAUNCHER" />
22-->src\main\AndroidManifest.xml:16:17-77
22-->src\main\AndroidManifest.xml:16:27-74
23            </intent-filter>
24        </activity>
25        <activity android:name="com.example.homepc.restauranteatitapp.LoginOptionsPage" />
25-->src\main\AndroidManifest.xml:19:9-54
25-->src\main\AndroidManifest.xml:19:19-51
26        <activity android:name="com.example.homepc.restauranteatitapp.SignInPage" />
26-->src\main\AndroidManifest.xml:20:9-48
26-->src\main\AndroidManifest.xml:20:19-45
27        <activity android:name="com.example.homepc.restauranteatitapp.SignUpPage" />
27-->src\main\AndroidManifest.xml:21:9-48
27-->src\main\AndroidManifest.xml:21:19-45
28        <activity
28-->src\main\AndroidManifest.xml:22:9-25:47
29            android:name="com.example.homepc.restauranteatitapp.MainActivity"
29-->src\main\AndroidManifest.xml:23:13-41
30            android:label="@string/title_activity_main"
30-->src\main\AndroidManifest.xml:24:13-56
31            android:theme="@style/AppTheme" />
31-->src\main\AndroidManifest.xml:25:13-44
32        <activity android:name="com.example.homepc.restauranteatitapp.OrderPage" />
32-->src\main\AndroidManifest.xml:26:9-56
32-->src\main\AndroidManifest.xml:26:19-44
33
34        <meta-data
34-->[com.android.support:design:26.1.0] AndroidManifest.xml:26:9-28:38
35            android:name="android.support.VERSION"
35-->[com.android.support:design:26.1.0] AndroidManifest.xml:27:13-51
36            android:value="26.1.0" />
36-->[com.android.support:design:26.1.0] AndroidManifest.xml:28:13-35
37        <meta-data
37-->[android.arch.lifecycle:runtime:1.0.0] AndroidManifest.xml:25:9-27:47
38            android:name="android.arch.lifecycle.VERSION"
38-->[android.arch.lifecycle:runtime:1.0.0] AndroidManifest.xml:26:13-58
39            android:value="27.0.0-SNAPSHOT" />
39-->[android.arch.lifecycle:runtime:1.0.0] AndroidManifest.xml:27:13-44
40    </application>
41
42</manifest>